<?xml version="1.0" encoding="UTF-8"?>
<testsuite xmlns:xsi="http://www.w3.org/2001/XMLSchema-instance" xsi:noNamespaceSchemaLocation="https://maven.apache.org/surefire/maven-surefire-plugin/xsd/surefire-test-report.xsd" version="3.0.2" name="com.pluxee.vector.pinecone.PineconeVectorStoreTest" time="2.418" tests="3" errors="0" skipped="0" failures="0">
  <properties>
[...]
</properties>
  <testcase name="shouldUpsertSearchDeleteAndCheckHealth" classname="com.pluxee.vector.pinecone.PineconeVectorStoreTest" time="2.271"/>
  <testcase name="shouldThrowWhenPineconeReturnsServerError" classname="com.pluxee.vector.pinecone.PineconeVectorStoreTest" time="0.036"/>
  <testcase name="shouldThrowWhenPineconeReturnsClientError" classname="com.pluxee.vector.pinecone.PineconeVectorStoreTest" time="0.034"/>
</testsuite>