<?xml version="1.0" encoding="UTF-8"?>
<testsuite xmlns:xsi="http://www.w3.org/2001/XMLSchema-instance" xsi:noNamespaceSchemaLocation="https://maven.apache.org/surefire/maven-surefire-plugin/xsd/surefire-test-report.xsd" version="3.0.2" name="com.pluxee.vector.starter.VectorToolkitAutoConfigurationTest" time="1.329" tests="3" errors="0" skipped="0" failures="0">
  <properties>
[...]
</properties>
  <testcase name="shouldKeepCustomVectorStoreBean" classname="com.pluxee.vector.starter.VectorToolkitAutoConfigurationTest" time="0.677"/>
  <testcase name="shouldCreateInMemoryStoreByDefault" classname="com.pluxee.vector.starter.VectorToolkitAutoConfigurationTest" time="0.047"/>
  <testcase name="shouldCreatePineconeStoreWhenConfigured" classname="com.pluxee.vector.starter.VectorToolkitAutoConfigurationTest" time="0.468"/>
</testsuite>