<?xml version="1.0" encoding="UTF-8"?>
<testsuite xmlns:xsi="http://www.w3.org/2001/XMLSchema-instance" xsi:noNamespaceSchemaLocation="https://maven.apache.org/surefire/maven-surefire-plugin/xsd/surefire-test-report.xsd" version="3.0.2" name="com.pluxee.vector.examples.semantic.VectorControllerIntegrationTest" time="3.581" tests="1" errors="0" skipped="0" failures="0">
  <properties>
[...]
</properties>
  <testcase name="shouldIndexSearchAskAndDeleteDocument" classname="com.pluxee.vector.examples.semantic.VectorControllerIntegrationTest" time="0.597">
    <system-out><![CDATA[08:37:55.914 [main] INFO org.springframework.test.context.support.AnnotationConfigContextLoaderUtils -- Could not detect default configuration classes for test class [com.pluxee.vector.examples.semantic.VectorControllerIntegrationTest]: VectorControllerIntegrationTest does not declare any static, non-private, non-final, nested classes annotated with @Configuration.
08:37:56.107 [main] INFO org.springframework.boot.test.context.SpringBootTestContextBootstrapper -- Found @SpringBootConfiguration com.pluxee.vector.examples.semantic.SemanticSearchDemoApplication for test class com.pluxee.vector.examples.semantic.VectorControllerIntegrationTest

  .   ____          _            __ _ _
 /\\ / ___'_ __ _ _(_)_ __  __ _ \ \ \ \
( ( )\___ | '_ | '_| | '_ \/ _` | \ \ \ \
 \\/  ___)| |_)| | | | | || (_| |  ) ) ) )
  '  |____| .__|_| |_|_| |_\__, | / / / /
 =========|_|==============|___/=/_/_/_/

 :: Spring Boot ::                (v3.5.4)

2026-08-17T08:37:56.830-03:00  INFO 27872 --- [           main] .p.v.e.s.VectorControllerIntegrationTest : Starting VectorControllerIntegrationTest using Java 21.0.10 with PID 27872 (started by rodrigo in /home/rodrigo/dev/sodexo/gitlab/pluxee-tooling/java-vector-toolkit/examples/semantic-search-demo)
2026-08-17T08:37:56.833-03:00  INFO 27872 --- [           main] .p.v.e.s.VectorControllerIntegrationTest : No active profile set, falling back to 1 default profile: "default"
2026-08-17T08:37:58.640-03:00  INFO 27872 --- [           main] o.s.b.t.m.w.SpringBootMockServletContext : Initializing Spring TestDispatcherServlet ''
2026-08-17T08:37:58.640-03:00  INFO 27872 --- [           main] o.s.t.web.servlet.TestDispatcherServlet  : Initializing Servlet ''
2026-08-17T08:37:58.644-03:00  INFO 27872 --- [           main] o.s.t.web.servlet.TestDispatcherServlet  : Completed initialization in 2 ms
2026-08-17T08:37:58.696-03:00  INFO 27872 --- [           main] .p.v.e.s.VectorControllerIntegrationTest : Started VectorControllerIntegrationTest in 2.362 seconds (process running for 3.578)
]]></system-out>
  </testcase>
</testsuite>